<?xml version="1.0" encoding="UTF-8"?>
<!-- Generated by org.testng.reporters.JUnitXMLReporter -->
<testsuite hostname="DESKTOP-GJA9UDI" ignored="0" name="Firefox_Test" tests="3" failures="0" timestamp="2022-06-02T17:12:38 IST" time="45.834" errors="0">
  <testcase name="loginTest" time="24.067" classname="com.mystore.testcases.LoginPageTest"/>
  <testcase name="loginTest" time="22.383" classname="com.mystore.testcases.LoginPageTest"/>
  <testcase name="loginTest" time="8.091" classname="com.mystore.testcases.LoginPageTest"/>
</testsuite> <!-- Firefox_Test -->
